# JRE version: Java(TM) SE Runtime Environment (8.0_101-b13) (build 1.8.0_101-b13)
# Java VM: Java HotSpot(TM) 64-Bit Server VM (25.101-b13 mixed mode linux-amd64 compressed oops)
Heap:
 PSYoungGen      total 283648K, used 29675K [0x00000000d6d00000, 0x00000000e9f00000, 0x0000000100000000)
  eden space 253952K, 0% used [0x00000000d6d00000,0x00000000d6d00000,0x00000000e6500000)
  from space 29696K, 99% used [0x00000000e6500000,0x00000000e81fafa0,0x00000000e8200000)
  to   space 28160K, 0% used [0x00000000e8380000,0x00000000e8380000,0x00000000e9f00000)
 ParOldGen       total 84992K, used 61745K [0x0000000084600000, 0x0000000089900000, 0x00000000d6d00000)
  object space 84992K, 72% used [0x0000000084600000,0x000000008824c798,0x0000000089900000)
 Metaspace       used 17138K, capacity 17266K, committed 17408K, reserved 1064960K
  class space    used 2222K, capacity 2259K, committed 2304K, reserved 1048576K
GC Heap History (10 events):
Event: 1.153 GC heap after
Heap after GC invocations=2 (full 0):
 PSYoungGen      total 68608K, used 5104K [0x00000000d6d00000, 0x00000000db500000, 0x0000000100000000)
  eden space 63488K, 0% used [0x00000000d6d00000,0x00000000d6d00000,0x00000000dab00000)
  from space 5120K, 99% used [0x00000000db000000,0x00000000db4fc040,0x00000000db500000)
  to   space 5120K, 0% used [0x00000000dab00000,0x00000000dab00000,0x00000000db000000)
 ParOldGen       total 84992K, used 3048K [0x0000000084600000, 0x0000000089900000, 0x00000000d6d00000)
  object space 84992K, 3% used [0x0000000084600000,0x00000000848fa198,0x0000000089900000)
 Metaspace       used 12182K, capacity 12242K, committed 12416K, reserved 1060864K
  class space    used 1642K, capacity 1651K, committed 1664K, reserved 1048576K
}
Event: 1.545 GC heap before
{Heap before GC invocations=3 (full 0):
 PSYoungGen      total 68608K, used 68592K [0x00000000d6d00000, 0x00000000db500000, 0x0000000100000000)
  eden space 63488K, 100% used [0x00000000d6d00000,0x00000000dab00000,0x00000000dab00000)
  from space 5120K, 99% used [0x00000000db000000,0x00000000db4fc040,0x00000000db500000)
  to   space 5120K, 0% used [0x00000000dab00000,0x00000000dab00000,0x00000000db000000)
 ParOldGen       total 84992K, used 3048K [0x0000000084600000, 0x0000000089900000, 0x00000000d6d00000)
  object space 84992K, 3% used [0x0000000084600000,0x00000000848fa198,0x0000000089900000)
 Metaspace       used 12330K, capacity 12466K, committed 12800K, reserved 1060864K
  class space    used 1645K, capacity 1683K, committed 1792K, reserved 1048576K
Event: 1.586 GC heap after
Heap after GC invocations=3 (full 0):
 PSYoungGen      total 68608K, used 5104K [0x00000000d6d00000, 0x00000000df300000, 0x0000000100000000)
  eden space 63488K, 0% used [0x00000000d6d00000,0x00000000d6d00000,0x00000000dab00000)
  from space 5120K, 99% used [0x00000000dab00000,0x00000000daffc070,0x00000000db000000)
  to   space 5120K, 0% used [0x00000000dee00000,0x00000000dee00000,0x00000000df300000)
 ParOldGen       total 84992K, used 14363K [0x0000000084600000, 0x0000000089900000, 0x00000000d6d00000)
  object space 84992K, 16% used [0x0000000084600000,0x0000000085406e48,0x0000000089900000)
 Metaspace       used 12330K, capacity 12466K, committed 12800K, reserved 1060864K
  class space    used 1645K, capacity 1683K, committed 1792K, reserved 1048576K
}
Event: 1.855 GC heap before
{Heap before GC invocations=4 (full 0):
 PSYoungGen      total 68608K, used 68592K [0x00000000d6d00000, 0x00000000df300000, 0x0000000100000000)
  eden space 63488K, 100% used [0x00000000d6d00000,0x00000000dab00000,0x00000000dab00000)
  from space 5120K, 99% used [0x00000000dab00000,0x00000000daffc070,0x00000000db000000)
  to   space 5120K, 0% used [0x00000000dee00000,0x00000000dee00000,0x00000000df300000)
 ParOldGen       total 84992K, used 14363K [0x0000000084600000, 0x0000000089900000, 0x00000000d6d00000)
  object space 84992K, 16% used [0x0000000084600000,0x0000000085406e48,0x0000000089900000)
 Metaspace       used 12334K, capacity 12466K, committed 12800K, reserved 1060864K
  class space    used 1645K, capacity 1683K, committed 1792K, reserved 1048576K
Event: 1.895 GC heap after
Heap after GC invocations=4 (full 0):
 PSYoungGen      total 132096K, used 5111K [0x00000000d6d00000, 0x00000000df300000, 0x0000000100000000)
  eden space 126976K, 0% used [0x00000000d6d00000,0x00000000d6d00000,0x00000000de900000)
  from space 5120K, 99% used [0x00000000dee00000,0x00000000df2fdd70,0x00000000df300000)
  to   space 5120K, 0% used [0x00000000de900000,0x00000000de900000,0x00000000dee00000)
 ParOldGen       total 84992K, used 26723K [0x0000000084600000, 0x0000000089900000, 0x00000000d6d00000)
  object space 84992K, 31% used [0x0000000084600000,0x0000000086018d40,0x0000000089900000)
 Metaspace       used 12334K, capacity 12466K, committed 12800K, reserved 1060864K
  class space    used 1645K, capacity 1683K, committed 1792K, reserved 1048576K
}
Event: 3.039 GC heap before
{Heap before GC invocations=5 (full 0):
 PSYoungGen      total 132096K, used 132087K [0x00000000d6d00000, 0x00000000df300000, 0x0000000100000000)
  eden space 126976K, 100% used [0x00000000d6d00000,0x00000000de900000,0x00000000de900000)
  from space 5120K, 99% used [0x00000000dee00000,0x00000000df2fdd70,0x00000000df300000)
  to   space 5120K, 0% used [0x00000000de900000,0x00000000de900000,0x00000000dee00000)
 ParOldGen       total 84992K, used 26723K [0x0000000084600000, 0x0000000089900000, 0x00000000d6d00000)
  object space 84992K, 31% used [0x0000000084600000,0x0000000086018d40,0x0000000089900000)
 Metaspace       used 17091K, capacity 17202K, committed 17408K, reserved 1064960K
  class space    used 2222K, capacity 2259K, committed 2304K, reserved 1048576K
Event: 3.102 GC heap after
Heap after GC invocations=5 (full 0):
 PSYoungGen      total 132096K, used 5115K [0x00000000d6d00000, 0x00000000ea200000, 0x0000000100000000)
  eden space 126976K, 0% used [0x00000000d6d00000,0x00000000d6d00000,0x00000000de900000)
  from space 5120K, 99% used [0x00000000de900000,0x00000000dedfef60,0x00000000dee00000)
  to   space 31232K, 0% used [0x00000000e8380000,0x00000000e8380000,0x00000000ea200000)
 ParOldGen       total 84992K, used 50293K [0x0000000084600000, 0x0000000089900000, 0x00000000d6d00000)
  object space 84992K, 59% used [0x0000000084600000,0x000000008771d6d8,0x0000000089900000)
 Metaspace       used 17091K, capacity 17202K, committed 17408K, reserved 1064960K
  class space    used 2222K, capacity 2259K, committed 2304K, reserved 1048576K
}
Event: 3.592 GC heap before
{Heap before GC invocations=6 (full 0):
 PSYoungGen      total 132096K, used 132091K [0x00000000d6d00000, 0x00000000ea200000, 0x0000000100000000)
  eden space 126976K, 100% used [0x00000000d6d00000,0x00000000de900000,0x00000000de900000)
  from space 5120K, 99% used [0x00000000de900000,0x00000000dedfef60,0x00000000dee00000)
  to   space 31232K, 0% used [0x00000000e8380000,0x00000000e8380000,0x00000000ea200000)
 ParOldGen       total 84992K, used 50293K [0x0000000084600000, 0x0000000089900000, 0x00000000d6d00000)
  object space 84992K, 59% used [0x0000000084600000,0x000000008771d6d8,0x0000000089900000)
 Metaspace       used 17135K, capacity 17266K, committed 17408K, reserved 1064960K
  class space    used 2222K, capacity 2259K, committed 2304K, reserved 1048576K
Event: 3.637 GC heap after
Heap after GC invocations=6 (full 0):
 PSYoungGen      total 282112K, used 16879K [0x00000000d6d00000, 0x00000000e9f00000, 0x0000000100000000)
  eden space 253952K, 0% used [0x00000000d6d00000,0x00000000d6d00000,0x00000000e6500000)
  from space 28160K, 59% used [0x00000000e8380000,0x00000000e93fbe88,0x00000000e9f00000)
  to   space 29696K, 0% used [0x00000000e6500000,0x00000000e6500000,0x00000000e8200000)
 ParOldGen       total 84992K, used 50301K [0x0000000084600000, 0x0000000089900000, 0x00000000d6d00000)
  object space 84992K, 59% used [0x0000000084600000,0x000000008771f6d8,0x0000000089900000)
 Metaspace       used 17135K, capacity 17266K, committed 17408K, reserved 1064960K
  class space    used 2222K, capacity 2259K, committed 2304K, reserved 1048576K
}
Event: 4.459 GC heap before
{Heap before GC invocations=7 (full 0):
 PSYoungGen      total 282112K, used 270831K [0x00000000d6d00000, 0x00000000e9f00000, 0x0000000100000000)
  eden space 253952K, 100% used [0x00000000d6d00000,0x00000000e6500000,0x00000000e6500000)
  from space 28160K, 59% used [0x00000000e8380000,0x00000000e93fbe88,0x00000000e9f00000)
  to   space 29696K, 0% used [0x00000000e6500000,0x00000000e6500000,0x00000000e8200000)
 ParOldGen       total 84992K, used 50301K [0x0000000084600000, 0x0000000089900000, 0x00000000d6d00000)
  object space 84992K, 59% used [0x0000000084600000,0x000000008771f6d8,0x0000000089900000)
 Metaspace       used 17138K, capacity 17266K, committed 17408K, reserved 1064960K
  class space    used 2222K, capacity 2259K, committed 2304K, reserved 1048576K

